build/outputs/logs/manifest-merger-release-report.txt
-- Merging decision tree log ---
manifest
ADDED from src\main\AndroidManifest.xml:2:1-202:12
INJECTED from src\main\AndroidManifest.xml:2:1-202:12
INJECTED from src\main\AndroidManifest.xml:2:1-202:12
INJECTED from src\main\AndroidManifest.xml:2:1-202:12
MERGED from [:shortMessageSDKGUI] AndroidManifest.xml:2:1-14:12
MERGED from [:push] AndroidManifest.xml:2:1-233:12
MERGED from [com.android.support:appcompat-v7:26.1.0] AndroidManifest.xml:17:1-31:12
MERGED from [com.android.support:support-v4:26.1.0] AndroidManifest.xml:17:1-31:12
MERGED from [com.android.support:gridlayout-v7:26.1.0] AndroidManifest.xml:17:1-28:12
MERGED from [:sMSSDK] AndroidManifest.xml:2:1-14:12
MERGED from [com.android.support:support-media-compat:26.1.0] AndroidManifest.xml:17:1-31:12
MERGED from [com.android.support:support-fragment:26.1.0] AndroidManifest.xml:17:1-31:12
MERGED from [com.android.support:support-core-utils:26.1.0] AndroidManifest.xml:17:1-31:12
MERGED from [com.android.support:animated-vector-drawable:26.1.0] AndroidManifest.xml:17:1-28:12
MERGED from [com.android.support:support-core-ui:26.1.0] AndroidManifest.xml:17:1-31:12
MERGED from [com.android.support:support-vector-drawable:26.1.0] AndroidManifest.xml:17:1-28:12
MERGED from [com.android.support:support-compat:26.1.0] AndroidManifest.xml:17:1-31:12
MERGED from [android.arch.lifecycle:runtime:1.0.0] AndroidManifest.xml:17:1-30:12
INJECTED from src\main\AndroidManifest.xml:2:1-202:12
INJECTED from src\main\AndroidManifest.xml:2:1-202:12
INJECTED from src\main\AndroidManifest.xml:2:1-202:12
	package
		ADDED from src\main\AndroidManifest.xml:3:5-30
		INJECTED from src\main\AndroidManifest.xml
		INJECTED from src\main\AndroidManifest.xml
	android:versionName
		ADDED from src\main\AndroidManifest.xml:5:5-30
		INJECTED from src\main\AndroidManifest.xml
		INJECTED from src\main\AndroidManifest.xml
	xmlns:android
		ADDED from src\main\AndroidManifest.xml:2:11-69
	android:versionCode
		ADDED from src\main\AndroidManifest.xml:4:5-29
		INJECTED from src\main\AndroidManifest.xml
		INJECTED from src\main\AndroidManifest.xml
uses-sdk
ADDED from src\main\AndroidManifest.xml:7:5-9:41
INJECTED from src\main\AndroidManifest.xml:7:5-9:41
INJECTED from src\main\AndroidManifest.xml:7:5-9:41
MERGED from [:shortMessageSDKGUI] AndroidManifest.xml:7:5-9:41
MERGED from [:shortMessageSDKGUI] AndroidManifest.xml:7:5-9:41
MERGED from [:push] AndroidManifest.xml:7:5-9:41
MERGED from [:push] AndroidManifest.xml:7:5-9:41
MERGED from [com.android.support:appcompat-v7:26.1.0] AndroidManifest.xml:21:5-23:78
MERGED from [com.android.support:appcompat-v7:26.1.0] AndroidManifest.xml:21:5-23:78
MERGED from [com.android.support:support-v4:26.1.0] AndroidManifest.xml:21:5-23:54
MERGED from [com.android.support:support-v4:26.1.0] AndroidManifest.xml:21:5-23:54
MERGED from [com.android.support:gridlayout-v7:26.1.0] AndroidManifest.xml:20:5-44
MERGED from [com.android.support:gridlayout-v7:26.1.0] AndroidManifest.xml:20:5-44
MERGED from [:sMSSDK] AndroidManifest.xml:7:5-9:41
MERGED from [:sMSSDK] AndroidManifest.xml:7:5-9:41
MERGED from [com.android.support:support-media-compat:26.1.0] AndroidManifest.xml:21:5-23:63
MERGED from [com.android.support:support-media-compat:26.1.0] AndroidManifest.xml:21:5-23:63
MERGED from [com.android.support:support-fragment:26.1.0] AndroidManifest.xml:21:5-23:60
MERGED from [com.android.support:support-fragment:26.1.0] AndroidManifest.xml:21:5-23:60
MERGED from [com.android.support:support-core-utils:26.1.0] AndroidManifest.xml:21:5-23:61
MERGED from [com.android.support:support-core-utils:26.1.0] AndroidManifest.xml:21:5-23:61
MERGED from [com.android.support:animated-vector-drawable:26.1.0] AndroidManifest.xml:20:5-44
MERGED from [com.android.support:animated-vector-drawable:26.1.0] AndroidManifest.xml:20:5-44
MERGED from [com.android.support:support-core-ui:26.1.0] AndroidManifest.xml:21:5-23:58
MERGED from [com.android.support:support-core-ui:26.1.0] AndroidManifest.xml:21:5-23:58
MERGED from [com.android.support:support-vector-drawable:26.1.0] AndroidManifest.xml:20:5-44
MERGED from [com.android.support:support-vector-drawable:26.1.0] AndroidManifest.xml:20:5-44
MERGED from [com.android.support:support-compat:26.1.0] AndroidManifest.xml:21:5-23:58
MERGED from [com.android.support:support-compat:26.1.0] AndroidManifest.xml:21:5-23:58
MERGED from [android.arch.lifecycle:runtime:1.0.0] AndroidManifest.xml:20:5-22:41
MERGED from [android.arch.lifecycle:runtime:1.0.0] AndroidManifest.xml:20:5-22:41
INJECTED from src\main\AndroidManifest.xml:7:5-9:41
INJECTED from src\main\AndroidManifest.xml:7:5-9:41
	tools:overrideLibrary
		ADDED from [com.android.support:appcompat-v7:26.1.0] AndroidManifest.xml:23:9-75
	android:targetSdkVersion
		ADDED from src\main\AndroidManifest.xml:9:9-38
		INJECTED from src\main\AndroidManifest.xml
		INJECTED from src\main\AndroidManifest.xml
	android:minSdkVersion
		ADDED from src\main\AndroidManifest.xml:8:9-35
		INJECTED from src\main\AndroidManifest.xml
		INJECTED from src\main\AndroidManifest.xml
uses-permission#android.permission.ACCESS_NETWORK_STATE
ADDED from src\main\AndroidManifest.xml:12:5-79
MERGED from [:push] AndroidManifest.xml:16:5-79
MERGED from [:push] AndroidManifest.xml:16:5-79
	android:name
		ADDED from src\main\AndroidManifest.xml:12:22-76
uses-permission#android.permission.ACCESS_WIFI_STATE
ADDED from src\main\AndroidManifest.xml:13:5-76
MERGED from [:push] AndroidManifest.xml:17:5-76
MERGED from [:push] AndroidManifest.xml:17:5-76
	android:name
		ADDED from src\main\AndroidManifest.xml:13:22-73
uses-permission#android.permission.ACCESS_COARSE_LOCATION
ADDED from src\main\AndroidManifest.xml:14:5-81
	android:name
		ADDED from src\main\AndroidManifest.xml:14:22-78
uses-permission#android.permission.CAMERA
ADDED from src\main\AndroidManifest.xml:15:5-65
	android:name
		ADDED from src\main\AndroidManifest.xml:15:22-62
uses-permission#android.permission.INTERNET
ADDED from src\main\AndroidManifest.xml:16:5-67
MERGED from [:push] AndroidManifest.xml:15:5-67
MERGED from [:push] AndroidManifest.xml:15:5-67
	android:name
		ADDED from src\main\AndroidManifest.xml:16:22-64
uses-permission#android.permission.VIBRATE
ADDED from src\main\AndroidManifest.xml:17:5-66
	android:name
		ADDED from src\main\AndroidManifest.xml:17:22-63
uses-permission#android.permission.READ_EXTERNAL_STORAGE
ADDED from src\main\AndroidManifest.xml:18:5-79
	android:name
		ADDED from src\main\AndroidManifest.xml:18:22-77
uses-permission#android.permission.WRITE_EXTERNAL_STORAGE
ADDED from src\main\AndroidManifest.xml:19:5-81
MERGED from [:push] AndroidManifest.xml:18:5-81
MERGED from [:push] AndroidManifest.xml:18:5-81
	android:name
		ADDED from src\main\AndroidManifest.xml:19:22-78
uses-permission#android.permission.RECEIVE_BOOT_COMPLETED
ADDED from src\main\AndroidManifest.xml:20:5-81
MERGED from [:push] AndroidManifest.xml:27:5-81
MERGED from [:push] AndroidManifest.xml:27:5-81
	android:name
		ADDED from src\main\AndroidManifest.xml:20:22-78
uses-permission#android.permission.RUN_INSTRUMENTATION
ADDED from src\main\AndroidManifest.xml:21:5-78
	android:name
		ADDED from src\main\AndroidManifest.xml:21:22-75
uses-permission#android.permission.READ_PHONE_STATE
ADDED from src\main\AndroidManifest.xml:22:5-75
MERGED from [:push] AndroidManifest.xml:20:5-75
MERGED from [:push] AndroidManifest.xml:20:5-75
	android:name
		ADDED from src\main\AndroidManifest.xml:22:22-72
uses-permission#android.permission.ACCESS_FINE_LOCATION
ADDED from src\main\AndroidManifest.xml:23:5-79
	android:name
		ADDED from src\main\AndroidManifest.xml:23:22-76
uses-permission#android.permission.CHANGE_WIFI_STATE
ADDED from src\main\AndroidManifest.xml:24:5-76
MERGED from [:push] AndroidManifest.xml:29:5-76
MERGED from [:push] AndroidManifest.xml:29:5-76
	android:name
		ADDED from src\main\AndroidManifest.xml:24:22-73
uses-permission#android.permission.ACCESS_DOWNLOAD_MANAGER
ADDED from src\main\AndroidManifest.xml:25:5-82
	android:name
		ADDED from src\main\AndroidManifest.xml:25:22-79
uses-permission#android.permission.DOWNLOAD_WITHOUT_NOTIFICATION
ADDED from src\main\AndroidManifest.xml:26:5-88
	android:name
		ADDED from src\main\AndroidManifest.xml:26:22-85
uses-permission#android.permission.REQUEST_INSTALL_PACKAGES
ADDED from src\main\AndroidManifest.xml:27:5-83
	android:name
		ADDED from src\main\AndroidManifest.xml:27:22-80
application
ADDED from src\main\AndroidManifest.xml:30:5-200:19
MERGED from [:shortMessageSDKGUI] AndroidManifest.xml:11:5-12:19
MERGED from [:shortMessageSDKGUI] AndroidManifest.xml:11:5-12:19
MERGED from [:push] AndroidManifest.xml:50:5-231:19
MERGED from [:push] AndroidManifest.xml:50:5-231:19
MERGED from [com.android.support:appcompat-v7:26.1.0] AndroidManifest.xml:25:5-29:19
MERGED from [com.android.support:appcompat-v7:26.1.0] AndroidManifest.xml:25:5-29:19
MERGED from [com.android.support:support-v4:26.1.0] AndroidManifest.xml:25:5-29:19
MERGED from [com.android.support:support-v4:26.1.0] AndroidManifest.xml:25:5-29:19
MERGED from [com.android.support:gridlayout-v7:26.1.0] AndroidManifest.xml:22:5-26:19
MERGED from [com.android.support:gridlayout-v7:26.1.0] AndroidManifest.xml:22:5-26:19
MERGED from [:sMSSDK] AndroidManifest.xml:11:5-12:19
MERGED from [:sMSSDK] AndroidManifest.xml:11:5-12:19
MERGED from [com.android.support:support-media-compat:26.1.0] AndroidManifest.xml:25:5-29:19
MERGED from [com.android.support:support-media-compat:26.1.0] AndroidManifest.xml:25:5-29:19
MERGED from [com.android.support:support-fragment:26.1.0] AndroidManifest.xml:25:5-29:19
MERGED from [com.android.support:support-fragment:26.1.0] AndroidManifest.xml:25:5-29:19
MERGED from [com.android.support:support-core-utils:26.1.0] AndroidManifest.xml:25:5-29:19
MERGED from [com.android.support:support-core-utils:26.1.0] AndroidManifest.xml:25:5-29:19
MERGED from [com.android.support:animated-vector-drawable:26.1.0] AndroidManifest.xml:22:5-26:19
MERGED from [com.android.support:animated-vector-drawable:26.1.0] AndroidManifest.xml:22:5-26:19
MERGED from [com.android.support:support-core-ui:26.1.0] AndroidManifest.xml:25:5-29:19
MERGED from [com.android.support:support-core-ui:26.1.0] AndroidManifest.xml:25:5-29:19
MERGED from [com.android.support:support-vector-drawable:26.1.0] AndroidManifest.xml:22:5-26:19
MERGED from [com.android.support:support-vector-drawable:26.1.0] AndroidManifest.xml:22:5-26:19
MERGED from [com.android.support:support-compat:26.1.0] AndroidManifest.xml:25:5-29:19
MERGED from [com.android.support:support-compat:26.1.0] AndroidManifest.xml:25:5-29:19
MERGED from [android.arch.lifecycle:runtime:1.0.0] AndroidManifest.xml:24:5-28:19
MERGED from [android.arch.lifecycle:runtime:1.0.0] AndroidManifest.xml:24:5-28:19
	android:label
		ADDED from src\main\AndroidManifest.xml:34:9-41
	android:icon
		ADDED from src\main\AndroidManifest.xml:33:9-45
	android:allowBackup
		ADDED from src\main\AndroidManifest.xml:32:9-35
	android:theme
		ADDED from src\main\AndroidManifest.xml:35:9-40
	android:name
		ADDED from src\main\AndroidManifest.xml:31:9-42
activity#com.xmcu.mobile.activity.TabHostActivity
ADDED from src\main\AndroidManifest.xml:36:9-48:20
	android:screenOrientation
		ADDED from src\main\AndroidManifest.xml:41:13-49
	android:launchMode
		ADDED from src\main\AndroidManifest.xml:40:13-44
	android:windowSoftInputMode
		ADDED from src\main\AndroidManifest.xml:42:13-64
	android:exported
		ADDED from src\main\AndroidManifest.xml:39:13-36
	android:configChanges
		ADDED from src\main\AndroidManifest.xml:38:13-74
	android:name
		ADDED from src\main\AndroidManifest.xml:37:13-53
intent-filter#action:name:android.intent.action.MAIN+category:name:android.intent.category.LAUNCHER
ADDED from src\main\AndroidManifest.xml:43:13-47:29
action#android.intent.action.MAIN
ADDED from src\main\AndroidManifest.xml:44:17-69
	android:name
		ADDED from src\main\AndroidManifest.xml:44:25-66
category#android.intent.category.LAUNCHER
ADDED from src\main\AndroidManifest.xml:46:17-77
	android:name
		ADDED from src\main\AndroidManifest.xml:46:27-74
activity#com.xmcu.mobile.activity.MyStatusActivity
ADDED from src\main\AndroidManifest.xml:49:9-52:20
	android:screenOrientation
		ADDED from src\main\AndroidManifest.xml:51:13-49
	android:name
		ADDED from src\main\AndroidManifest.xml:50:13-54
activity#com.xmcu.mobile.activity.TabSchoolActivity
ADDED from src\main\AndroidManifest.xml:53:9-56:20
	android:screenOrientation
		ADDED from src\main\AndroidManifest.xml:55:13-49
	android:name
		ADDED from src\main\AndroidManifest.xml:54:13-55
activity#com.xmcu.mobile.activity.SubmitDataActivity
ADDED from src\main\AndroidManifest.xml:57:9-60:20
	android:screenOrientation
		ADDED from src\main\AndroidManifest.xml:59:13-49
	android:name
		ADDED from src\main\AndroidManifest.xml:58:13-56
activity#com.xmcu.mobile.activity.AlbumFlowActivity
ADDED from src\main\AndroidManifest.xml:61:9-64:20
	android:screenOrientation
		ADDED from src\main\AndroidManifest.xml:63:13-49
	android:name
		ADDED from src\main\AndroidManifest.xml:62:13-55
activity#com.xmcu.mobile.activity.AlbumShowImagePage
ADDED from src\main\AndroidManifest.xml:65:9-68:20
	android:screenOrientation
		ADDED from src\main\AndroidManifest.xml:67:13-49
	android:name
		ADDED from src\main\AndroidManifest.xml:66:13-56
activity#com.xmcu.mobile.activity.AlbumPersonalActivity
ADDED from src\main\AndroidManifest.xml:69:9-72:20
	android:screenOrientation
		ADDED from src\main\AndroidManifest.xml:71:13-49
	android:name
		ADDED from src\main\AndroidManifest.xml:70:13-59
activity#com.xmcu.mobile.activity.AlbumShowImageDetail
ADDED from src\main\AndroidManifest.xml:73:9-76:20
	android:screenOrientation
		ADDED from src\main\AndroidManifest.xml:75:13-49
	android:name
		ADDED from src\main\AndroidManifest.xml:74:13-58
activity#com.xmcu.mobile.activity.ChangePwdActivity
ADDED from src\main\AndroidManifest.xml:77:9-80:20
	android:screenOrientation
		ADDED from src\main\AndroidManifest.xml:79:13-49
	android:name
		ADDED from src\main\AndroidManifest.xml:78:13-55
activity#com.xmcu.mobile.activity.ContactsSelectActivity
ADDED from src\main\AndroidManifest.xml:81:9-84:20
	android:screenOrientation
		ADDED from src\main\AndroidManifest.xml:83:13-49
	android:name
		ADDED from src\main\AndroidManifest.xml:82:13-60
activity#com.xmcu.mobile.activity.ContactsActivity
ADDED from src\main\AndroidManifest.xml:85:9-89:20
	android:screenOrientation
		ADDED from src\main\AndroidManifest.xml:87:13-49
	android:windowSoftInputMode
		ADDED from src\main\AndroidManifest.xml:88:13-72
	android:name
		ADDED from src\main\AndroidManifest.xml:86:13-54
activity#com.xmcu.mobile.activity.ChatMsgActivity
ADDED from src\main\AndroidManifest.xml:90:9-95:20
	android:screenOrientation
		ADDED from src\main\AndroidManifest.xml:93:13-49
	android:windowSoftInputMode
		ADDED from src\main\AndroidManifest.xml:94:13-78
	android:configChanges
		ADDED from src\main\AndroidManifest.xml:92:13-113
	android:name
		ADDED from src\main\AndroidManifest.xml:91:13-53
activity#com.xmcu.mobile.activity.LoginActivity
ADDED from src\main\AndroidManifest.xml:96:9-100:20
	android:screenOrientation
		ADDED from src\main\AndroidManifest.xml:98:13-49
	android:windowSoftInputMode
		ADDED from src\main\AndroidManifest.xml:99:13-60
	android:name
		ADDED from src\main\AndroidManifest.xml:97:13-51
activity#com.xmcu.mobile.activity.SchoolActivity
ADDED from src\main\AndroidManifest.xml:101:9-105:20
	android:screenOrientation
		ADDED from src\main\AndroidManifest.xml:104:13-49
	android:configChanges
		ADDED from src\main\AndroidManifest.xml:103:13-74
	android:name
		ADDED from src\main\AndroidManifest.xml:102:13-52
activity#com.xmcu.mobile.activity.SchoolDetailActivity
ADDED from src\main\AndroidManifest.xml:106:9-110:20
	android:screenOrientation
		ADDED from src\main\AndroidManifest.xml:109:13-49
	android:configChanges
		ADDED from src\main\AndroidManifest.xml:108:13-74
	android:name
		ADDED from src\main\AndroidManifest.xml:107:13-58
activity#com.xmcu.mobile.activity.WebSiteActivity
ADDED from src\main\AndroidManifest.xml:111:9-117:20
	android:screenOrientation
		ADDED from src\main\AndroidManifest.xml:116:13-49
	android:hardwareAccelerated
		ADDED from src\main\AndroidManifest.xml:115:13-47
	android:exported
		ADDED from src\main\AndroidManifest.xml:114:13-36
	android:configChanges
		ADDED from src\main\AndroidManifest.xml:113:13-113
	android:name
		ADDED from src\main\AndroidManifest.xml:112:13-53
activity#com.xmcu.mobile.activity.ImagesActivity
ADDED from src\main\AndroidManifest.xml:118:9-120:52
	android:screenOrientation
		ADDED from src\main\AndroidManifest.xml:120:13-49
	android:name
		ADDED from src\main\AndroidManifest.xml:119:13-52
activity#com.xmcu.mobile.activity.ShowPersonInfo
ADDED from src\main\AndroidManifest.xml:121:9-124:52
	android:screenOrientation
		ADDED from src\main\AndroidManifest.xml:124:13-49
	android:configChanges
		ADDED from src\main\AndroidManifest.xml:123:13-113
	android:name
		ADDED from src\main\AndroidManifest.xml:122:13-52
activity#com.xmcu.mobile.activity.CourseClassActivity
ADDED from src\main\AndroidManifest.xml:125:9-128:52
	android:screenOrientation
		ADDED from src\main\AndroidManifest.xml:128:13-49
	android:configChanges
		ADDED from src\main\AndroidManifest.xml:127:13-113
	android:name
		ADDED from src\main\AndroidManifest.xml:126:13-57
activity#com.xmcu.mobile.activity.LocalDocument
ADDED from src\main\AndroidManifest.xml:129:9-131:52
	android:screenOrientation
		ADDED from src\main\AndroidManifest.xml:131:13-49
	android:name
		ADDED from src\main\AndroidManifest.xml:130:13-51
activity#com.xmcu.mobile.activity.CutImageActivity
ADDED from src\main\AndroidManifest.xml:132:9-134:52
	android:screenOrientation
		ADDED from src\main\AndroidManifest.xml:134:13-49
	android:name
		ADDED from src\main\AndroidManifest.xml:133:13-54
activity#com.xmcu.mobile.activity.EmsTraceActivity
ADDED from src\main\AndroidManifest.xml:135:9-137:52
	android:screenOrientation
		ADDED from src\main\AndroidManifest.xml:137:13-49
	android:name
		ADDED from src\main\AndroidManifest.xml:136:13-54
activity#com.xmcu.mobile.activity.CaptureActivity
ADDED from src\main\AndroidManifest.xml:140:10-146:20
	android:screenOrientation
		ADDED from src\main\AndroidManifest.xml:143:13-49
	android:windowSoftInputMode
		ADDED from src\main\AndroidManifest.xml:145:13-60
	android:configChanges
		ADDED from src\main\AndroidManifest.xml:141:13-63
	android:theme
		ADDED from src\main\AndroidManifest.xml:144:13-71
	android:name
		ADDED from src\main\AndroidManifest.xml:142:13-53
activity#com.xmcu.mobile.activity.DormBedActivity
ADDED from src\main\AndroidManifest.xml:147:10-149:52
	android:screenOrientation
		ADDED from src\main\AndroidManifest.xml:149:13-49
	android:name
		ADDED from src\main\AndroidManifest.xml:148:13-53
activity#com.xmcu.mobile.activity.ChatFriendActivity
ADDED from src\main\AndroidManifest.xml:151:10-153:52
	android:screenOrientation
		ADDED from src\main\AndroidManifest.xml:153:13-49
	android:name
		ADDED from src\main\AndroidManifest.xml:152:13-56
activity#com.mob.tools.MobUIShell
ADDED from src\main\AndroidManifest.xml:154:10-158:57
	android:windowSoftInputMode
		ADDED from src\main\AndroidManifest.xml:158:1-55
	android:configChanges
		ADDED from src\main\AndroidManifest.xml:157:1-62
	android:theme
		ADDED from src\main\AndroidManifest.xml:156:1-60
	android:name
		ADDED from src\main\AndroidManifest.xml:155:1-40
receiver#com.xmcu.mobile.service.Alarmreceiver
ADDED from src\main\AndroidManifest.xml:161:9-163:20
	android:exported
		ADDED from src\main\AndroidManifest.xml:162:66-89
	android:name
		ADDED from src\main\AndroidManifest.xml:162:13-65
receiver#com.xmcu.mobile.service.CompleteReceiver
ADDED from src\main\AndroidManifest.xml:164:9-169:20
	android:name
		ADDED from src\main\AndroidManifest.xml:164:19-74
intent-filter#action:name:android.intent.action.DOWNLOAD_COMPLETE+action:name:android.intent.action.DOWNLOAD_NOTIFICATION_CLICKED
ADDED from src\main\AndroidManifest.xml:165:13-168:29
action#android.intent.action.DOWNLOAD_COMPLETE
ADDED from src\main\AndroidManifest.xml:166:17-82
	android:name
		ADDED from src\main\AndroidManifest.xml:166:25-79
action#android.intent.action.DOWNLOAD_NOTIFICATION_CLICKED
ADDED from src\main\AndroidManifest.xml:167:17-94
	android:name
		ADDED from src\main\AndroidManifest.xml:167:25-91
receiver#com.xmcu.mobile.MeizuTestReceiver
ADDED from src\main\AndroidManifest.xml:171:9-185:20
	android:name
		ADDED from src\main\AndroidManifest.xml:171:19-67
intent-filter#action:name:com.meizu.c2dm.intent.RECEIVE+action:name:com.meizu.c2dm.intent.REGISTRATION+action:name:com.meizu.flyme.push.intent.MESSAGE+action:name:com.meizu.flyme.push.intent.REGISTER.FEEDBACK+action:name:com.meizu.flyme.push.intent.UNREGISTER.FEEDBACK+category:name:com.xmcu.mobile
ADDED from src\main\AndroidManifest.xml:172:13-184:29
action#com.meizu.flyme.push.intent.MESSAGE
ADDED from src\main\AndroidManifest.xml:174:17-78
	android:name
		ADDED from src\main\AndroidManifest.xml:174:25-75
action#com.meizu.flyme.push.intent.REGISTER.FEEDBACK
ADDED from src\main\AndroidManifest.xml:176:17-88
	android:name
		ADDED from src\main\AndroidManifest.xml:176:25-85
action#com.meizu.flyme.push.intent.UNREGISTER.FEEDBACK
ADDED from src\main\AndroidManifest.xml:178:17-90
	android:name
		ADDED from src\main\AndroidManifest.xml:178:25-87
action#com.meizu.c2dm.intent.REGISTRATION
ADDED from src\main\AndroidManifest.xml:180:17-77
	android:name
		ADDED from src\main\AndroidManifest.xml:180:25-74
action#com.meizu.c2dm.intent.RECEIVE
ADDED from src\main\AndroidManifest.xml:181:17-72
	android:name
		ADDED from src\main\AndroidManifest.xml:181:25-69
category#com.xmcu.mobile
ADDED from src\main\AndroidManifest.xml:183:17-69
	android:name
		ADDED from src\main\AndroidManifest.xml:183:27-57
provider#android.support.v4.content.FileProvider
ADDED from src\main\AndroidManifest.xml:187:9-195:20
	android:grantUriPermissions
		ADDED from src\main\AndroidManifest.xml:190:13-47
	android:authorities
		ADDED from src\main\AndroidManifest.xml:189:13-63
	android:exported
		ADDED from src\main\AndroidManifest.xml:191:13-37
	android:name
		ADDED from src\main\AndroidManifest.xml:188:13-67
meta-data#android.support.FILE_PROVIDER_PATHS
ADDED from src\main\AndroidManifest.xml:192:13-194:53
	android:resource
		ADDED from src\main\AndroidManifest.xml:194:17-51
	android:name
		ADDED from src\main\AndroidManifest.xml:193:17-67
activity#com.xmcu.mobile.activity.BaodaoHandleActivity
ADDED from src\main\AndroidManifest.xml:196:9-199:20
	android:label
		ADDED from src\main\AndroidManifest.xml:198:13-65
	android:name
		ADDED from src\main\AndroidManifest.xml:197:13-73
permission#${applicationId}.permission.MIPUSH_RECEIVE
ADDED from [:push] AndroidManifest.xml:11:5-13:55
	android:protectionLevel
		ADDED from [:push] AndroidManifest.xml:13:9-52
	android:name
		ADDED from [:push] AndroidManifest.xml:12:9-66
permission#com.xmcu.mobile.permission.MIPUSH_RECEIVE
ADDED from [:push] AndroidManifest.xml:11:5-13:55
	android:protectionLevel
		ADDED from [:push] AndroidManifest.xml:13:9-52
	android:name
		ADDED from [:push] AndroidManifest.xml:12:9-66
uses-permission#android.permission.WAKE_LOCK
ADDED from [:push] AndroidManifest.xml:19:5-68
	android:name
		ADDED from [:push] AndroidManifest.xml:19:22-65
uses-permission#android.permission.BROADCAST_PACKAGE_ADDED
ADDED from [:push] AndroidManifest.xml:21:5-82
	android:name
		ADDED from [:push] AndroidManifest.xml:21:22-79
uses-permission#android.permission.BROADCAST_PACKAGE_CHANGED
ADDED from [:push] AndroidManifest.xml:22:5-84
	android:name
		ADDED from [:push] AndroidManifest.xml:22:22-81
uses-permission#android.permission.BROADCAST_PACKAGE_INSTALL
ADDED from [:push] AndroidManifest.xml:23:5-84
	android:name
		ADDED from [:push] AndroidManifest.xml:23:22-81
uses-permission#android.permission.BROADCAST_PACKAGE_REPLACED
ADDED from [:push] AndroidManifest.xml:24:5-85
	android:name
		ADDED from [:push] AndroidManifest.xml:24:22-82
uses-permission#android.permission.RESTART_PACKAGES
ADDED from [:push] AndroidManifest.xml:25:5-75
	android:name
		ADDED from [:push] AndroidManifest.xml:25:22-72
uses-permission#android.permission.GET_TASKS
ADDED from [:push] AndroidManifest.xml:26:5-68
	android:name
		ADDED from [:push] AndroidManifest.xml:26:22-65
uses-permission#android.permission.CHANGE_NETWORK_STATE
ADDED from [:push] AndroidManifest.xml:28:5-79
	android:name
		ADDED from [:push] AndroidManifest.xml:28:22-76
uses-permission#${applicationId}.permission.MIPUSH_RECEIVE
ADDED from [:push] AndroidManifest.xml:30:5-82
	android:name
		ADDED from [:push] AndroidManifest.xml:30:22-79
uses-permission#com.xmcu.mobile.permission.MIPUSH_RECEIVE
ADDED from [:push] AndroidManifest.xml:30:5-82
	android:name
		ADDED from [:push] AndroidManifest.xml:30:22-79
uses-permission#com.meizu.flyme.push.permission.RECEIVE
ADDED from [:push] AndroidManifest.xml:33:5-79
	android:name
		ADDED from [:push] AndroidManifest.xml:33:22-76
permission#${applicationId}.push.permission.MESSAGE
ADDED from [:push] AndroidManifest.xml:35:5-37:47
	android:protectionLevel
		ADDED from [:push] AndroidManifest.xml:37:9-44
	android:name
		ADDED from [:push] AndroidManifest.xml:36:9-64
permission#com.xmcu.mobile.push.permission.MESSAGE
ADDED from [:push] AndroidManifest.xml:35:5-37:47
	android:protectionLevel
		ADDED from [:push] AndroidManifest.xml:37:9-44
	android:name
		ADDED from [:push] AndroidManifest.xml:36:9-64
uses-permission#${applicationId}.push.permission.MESSAGE
ADDED from [:push] AndroidManifest.xml:39:5-80
	android:name
		ADDED from [:push] AndroidManifest.xml:39:22-77
uses-permission#com.xmcu.mobile.push.permission.MESSAGE
ADDED from [:push] AndroidManifest.xml:39:5-80
	android:name
		ADDED from [:push] AndroidManifest.xml:39:22-77
uses-permission#com.meizu.c2dm.permission.RECEIVE
ADDED from [:push] AndroidManifest.xml:42:5-73
	android:name
		ADDED from [:push] AndroidManifest.xml:42:22-70
permission#${applicationId}.permission.C2D_MESSAGE
ADDED from [:push] AndroidManifest.xml:44:5-46:47
	android:protectionLevel
		ADDED from [:push] AndroidManifest.xml:46:9-44
	android:name
		ADDED from [:push] AndroidManifest.xml:45:9-63
permission#com.xmcu.mobile.permission.C2D_MESSAGE
ADDED from [:push] AndroidManifest.xml:44:5-46:47
	android:protectionLevel
		ADDED from [:push] AndroidManifest.xml:46:9-44
	android:name
		ADDED from [:push] AndroidManifest.xml:45:9-63
uses-permission#${applicationId}.permission.C2D_MESSAGE
ADDED from [:push] AndroidManifest.xml:48:5-79
	android:name
		ADDED from [:push] AndroidManifest.xml:48:22-76
uses-permission#com.xmcu.mobile.permission.C2D_MESSAGE
ADDED from [:push] AndroidManifest.xml:48:5-79
	android:name
		ADDED from [:push] AndroidManifest.xml:48:22-76
service#com.taobao.accs.ChannelService
ADDED from [:push] AndroidManifest.xml:51:9-61:19
	android:process
		ADDED from [:push] AndroidManifest.xml:54:13-39
	android:exported
		ADDED from [:push] AndroidManifest.xml:53:13-36
	android:name
		ADDED from [:push] AndroidManifest.xml:52:13-58
intent-filter#action:name:com.taobao.accs.intent.action.SERVICE
ADDED from [:push] AndroidManifest.xml:55:13-57:29
action#com.taobao.accs.intent.action.SERVICE
ADDED from [:push] AndroidManifest.xml:56:17-80
	android:name
		ADDED from [:push] AndroidManifest.xml:56:25-77
intent-filter#action:name:com.taobao.accs.intent.action.ELECTION
ADDED from [:push] AndroidManifest.xml:58:13-60:29
action#com.taobao.accs.intent.action.ELECTION
ADDED from [:push] AndroidManifest.xml:59:17-81
	android:name
		ADDED from [:push] AndroidManifest.xml:59:25-78
service#com.taobao.accs.data.MsgDistributeService
ADDED from [:push] AndroidManifest.xml:62:9-68:19
	android:exported
		ADDED from [:push] AndroidManifest.xml:64:13-36
	android:name
		ADDED from [:push] AndroidManifest.xml:63:13-69
intent-filter#action:name:com.taobao.accs.intent.action.RECEIVE
ADDED from [:push] AndroidManifest.xml:65:13-67:29
action#com.taobao.accs.intent.action.RECEIVE
ADDED from [:push] AndroidManifest.xml:66:17-80
	android:name
		ADDED from [:push] AndroidManifest.xml:66:25-77
receiver#com.taobao.accs.EventReceiver
ADDED from [:push] AndroidManifest.xml:70:9-87:20
	android:process
		ADDED from [:push] AndroidManifest.xml:72:13-39
	android:name
		ADDED from [:push] AndroidManifest.xml:71:13-57
intent-filter#action:name:android.intent.action.BOOT_COMPLETED
ADDED from [:push] AndroidManifest.xml:73:13-75:29
action#android.intent.action.BOOT_COMPLETED
ADDED from [:push] AndroidManifest.xml:74:17-79
	android:name
		ADDED from [:push] AndroidManifest.xml:74:25-76
intent-filter#action:name:android.net.conn.CONNECTIVITY_CHANGE
ADDED from [:push] AndroidManifest.xml:76:13-78:29
action#android.net.conn.CONNECTIVITY_CHANGE
ADDED from [:push] AndroidManifest.xml:77:17-79
	android:name
		ADDED from [:push] AndroidManifest.xml:77:25-76
intent-filter#action:name:android.intent.action.PACKAGE_REMOVED+data:scheme:package
ADDED from [:push] AndroidManifest.xml:79:13-83:29
action#android.intent.action.PACKAGE_REMOVED
ADDED from [:push] AndroidManifest.xml:80:17-80
	android:name
		ADDED from [:push] AndroidManifest.xml:80:25-77
data
ADDED from [:push] AndroidManifest.xml:82:17-50
	android:scheme
		ADDED from [:push] AndroidManifest.xml:82:23-47
intent-filter#action:name:android.intent.action.USER_PRESENT
ADDED from [:push] AndroidManifest.xml:84:13-86:29
action#android.intent.action.USER_PRESENT
ADDED from [:push] AndroidManifest.xml:85:17-77
	android:name
		ADDED from [:push] AndroidManifest.xml:85:25-74
receiver#com.taobao.accs.ServiceReceiver
ADDED from [:push] AndroidManifest.xml:88:9-97:20
	android:process
		ADDED from [:push] AndroidManifest.xml:90:13-39
	android:name
		ADDED from [:push] AndroidManifest.xml:89:13-59
intent-filter#action:name:com.taobao.accs.intent.action.COMMAND
ADDED from [:push] AndroidManifest.xml:91:13-93:29
action#com.taobao.accs.intent.action.COMMAND